[0.191s] DEBUG:colcon:Command line arguments: ['/usr/bin/colcon', 'build', '--symlink-install', '--packages-skip', 'ros1_bridge']
[0.191s] DEBUG:colcon:Parsed command line arguments: Namespace(ament_cmake_args=None, base_paths=['.'], build_base='build', catkin_cmake_args=None, catkin_skip_building_tests=False, cmake_args=None, cmake_clean_cache=False, cmake_clean_first=False, cmake_force_configure=False, cmake_target=None, cmake_target_skip_unavailable=False, continue_on_error=False, event_handlers=None, executor='parallel', ignore_user_meta=False, install_base='install', log_base=None, log_level=None, main=<bound method BuildVerb.main of <colcon_core.verb.build.BuildVerb object at 0x7f9d01c58a30>>, merge_install=False, metas=['./colcon.meta'], packages_above=None, packages_above_and_dependencies=None, packages_above_depth=None, packages_end=None, packages_ignore=None, packages_ignore_regex=None, packages_select=None, packages_select_build_failed=False, packages_select_by_dep=None, packages_select_regex=None, packages_select_test_failures=False, packages_skip=['ros1_bridge'], packages_skip_build_finished=False, packages_skip_by_dep=None, packages_skip_regex=None, packages_skip_test_passed=False, packages_skip_up_to=None, packages_start=None, packages_up_to=None, packages_up_to_regex=None, parallel_workers=4, paths=None, symlink_install=True, test_result_base=None, verb_extension=<colcon_core.verb.build.BuildVerb object at 0x7f9d01c58a30>, verb_name='build', verb_parser=<colcon_defaults.argument_parser.defaults.DefaultArgumentsDecorator object at 0x7f9d01c58fa0>)
[0.197s] Level 1:colcon.colcon_core.package_discovery:discover_packages(colcon_meta) check parameters
[0.198s] Level 1:colcon.colcon_core.package_discovery:discover_packages(recursive) check parameters
[0.198s] Level 1:colcon.colcon_core.package_discovery:discover_packages(ignore) check parameters
[0.198s] Level 1:colcon.colcon_core.package_discovery:discover_packages(path) check parameters
[0.198s] Level 1:colcon.colcon_core.package_discovery:discover_packages(colcon_meta) discover
[0.198s] Level 1:colcon.colcon_core.package_discovery:discover_packages(recursive) discover
[0.198s] INFO:colcon.colcon_core.package_discovery:Crawling recursively for packages in '/home/giovanna/ros1-ros2-comunication/colcon_ws'
[0.198s] Level 1:colcon.colcon_core.package_identification:_identify(.) by extensions ['ignore', 'ignore_ament_install']
[0.198s] Level 1:colcon.colcon_core.package_identification:_identify(.) by extension 'ignore'
[0.198s] Level 1:colcon.colcon_core.package_identification:_identify(.) by extension 'ignore_ament_install'
[0.198s] Level 1:colcon.colcon_core.package_identification:_identify(.) by extensions ['colcon_pkg']
[0.198s] Level 1:colcon.colcon_core.package_identification:_identify(.) by extension 'colcon_pkg'
[0.198s] Level 1:colcon.colcon_core.package_identification:_identify(.) by extensions ['colcon_meta']
[0.198s] Level 1:colcon.colcon_core.package_identification:_identify(.) by extension 'colcon_meta'
[0.198s] Level 1:colcon.colcon_core.package_identification:_identify(.) by extensions ['ros']
[0.198s] Level 1:colcon.colcon_core.package_identification:_identify(.) by extension 'ros'
[0.211s] Level 1:colcon.colcon_core.package_identification:_identify(.) by extensions ['cmake', 'python']
[0.212s] Level 1:colcon.colcon_core.package_identification:_identify(.) by extension 'cmake'
[0.212s] Level 1:colcon.colcon_core.package_identification:_identify(.) by extension 'python'
[0.212s] Level 1:colcon.colcon_core.package_identification:_identify(.) by extensions ['python_setup_py']
[0.212s] Level 1:colcon.colcon_core.package_identification:_identify(.) by extension 'python_setup_py'
[0.212s] Level 1:colcon.colcon_core.package_identification:_identify(build) by extensions ['ignore', 'ignore_ament_install']
[0.212s] Level 1:colcon.colcon_core.package_identification:_identify(build) by extension 'ignore'
[0.212s] Level 1:colcon.colcon_core.package_identification:_identify(build) ignored
[0.212s] Level 1:colcon.colcon_core.package_identification:_identify(install) by extensions ['ignore', 'ignore_ament_install']
[0.212s] Level 1:colcon.colcon_core.package_identification:_identify(install) by extension 'ignore'
[0.212s] Level 1:colcon.colcon_core.package_identification:_identify(install) ignored
[0.213s] Level 1:colcon.colcon_core.package_identification:_identify(log) by extensions ['ignore', 'ignore_ament_install']
[0.213s] Level 1:colcon.colcon_core.package_identification:_identify(log) by extension 'ignore'
[0.213s] Level 1:colcon.colcon_core.package_identification:_identify(log) ignored
[0.213s] Level 1:colcon.colcon_core.package_identification:_identify(src) by extensions ['ignore', 'ignore_ament_install']
[0.213s] Level 1:colcon.colcon_core.package_identification:_identify(src) by extension 'ignore'
[0.213s] Level 1:colcon.colcon_core.package_identification:_identify(src) by extension 'ignore_ament_install'
[0.213s] Level 1:colcon.colcon_core.package_identification:_identify(src) by extensions ['colcon_pkg']
[0.213s] Level 1:colcon.colcon_core.package_identification:_identify(src) by extension 'colcon_pkg'
[0.213s] Level 1:colcon.colcon_core.package_identification:_identify(src) by extensions ['colcon_meta']
[0.213s] Level 1:colcon.colcon_core.package_identification:_identify(src) by extension 'colcon_meta'
[0.213s] Level 1:colcon.colcon_core.package_identification:_identify(src) by extensions ['ros']
[0.213s] Level 1:colcon.colcon_core.package_identification:_identify(src) by extension 'ros'
[0.213s] Level 1:colcon.colcon_core.package_identification:_identify(src) by extensions ['cmake', 'python']
[0.213s] Level 1:colcon.colcon_core.package_identification:_identify(src) by extension 'cmake'
[0.213s] Level 1:colcon.colcon_core.package_identification:_identify(src) by extension 'python'
[0.214s] Level 1:colcon.colcon_core.package_identification:_identify(src) by extensions ['python_setup_py']
[0.214s] Level 1:colcon.colcon_core.package_identification:_identify(src) by extension 'python_setup_py'
[0.214s] Level 1:colcon.colcon_core.package_identification:_identify(src/ros2_subscribe) by extensions ['ignore', 'ignore_ament_install']
[0.214s] Level 1:colcon.colcon_core.package_identification:_identify(src/ros2_subscribe) by extension 'ignore'
[0.214s] Level 1:colcon.colcon_core.package_identification:_identify(src/ros2_subscribe) by extension 'ignore_ament_install'
[0.214s] Level 1:colcon.colcon_core.package_identification:_identify(src/ros2_subscribe) by extensions ['colcon_pkg']
[0.214s] Level 1:colcon.colcon_core.package_identification:_identify(src/ros2_subscribe) by extension 'colcon_pkg'
[0.214s] Level 1:colcon.colcon_core.package_identification:_identify(src/ros2_subscribe) by extensions ['colcon_meta']
[0.214s] Level 1:colcon.colcon_core.package_identification:_identify(src/ros2_subscribe) by extension 'colcon_meta'
[0.214s] Level 1:colcon.colcon_core.package_identification:_identify(src/ros2_subscribe) by extensions ['ros']
[0.214s] Level 1:colcon.colcon_core.package_identification:_identify(src/ros2_subscribe) by extension 'ros'
[0.217s] DEBUG:colcon.colcon_core.package_identification:Package 'src/ros2_subscribe' with type 'ros.ament_python' and name 'ros2_subscribe'
[0.217s] Level 1:colcon.colcon_core.package_discovery:discover_packages(recursive) using defaults
[0.217s] Level 1:colcon.colcon_core.package_discovery:discover_packages(ignore) discover
[0.217s] Level 1:colcon.colcon_core.package_discovery:discover_packages(ignore) using defaults
[0.217s] Level 1:colcon.colcon_core.package_discovery:discover_packages(path) discover
[0.217s] Level 1:colcon.colcon_core.package_discovery:discover_packages(path) using defaults
[0.218s] WARNING:colcon.colcon_core.package_selection:ignoring unknown package 'ros1_bridge' in --packages-skip
[0.248s] Level 5:colcon.colcon_core.verb:set package 'ros2_subscribe' build argument 'cmake_args' from command line to 'None'
[0.248s] Level 5:colcon.colcon_core.verb:set package 'ros2_subscribe' build argument 'cmake_target' from command line to 'None'
[0.248s] Level 5:colcon.colcon_core.verb:set package 'ros2_subscribe' build argument 'cmake_target_skip_unavailable' from command line to 'False'
[0.249s] Level 5:colcon.colcon_core.verb:set package 'ros2_subscribe' build argument 'cmake_clean_cache' from command line to 'False'
[0.249s] Level 5:colcon.colcon_core.verb:set package 'ros2_subscribe' build argument 'cmake_clean_first' from command line to 'False'
[0.249s] Level 5:colcon.colcon_core.verb:set package 'ros2_subscribe' build argument 'cmake_force_configure' from command line to 'False'
[0.249s] Level 5:colcon.colcon_core.verb:set package 'ros2_subscribe' build argument 'ament_cmake_args' from command line to 'None'
[0.249s] Level 5:colcon.colcon_core.verb:set package 'ros2_subscribe' build argument 'catkin_cmake_args' from command line to 'None'
[0.249s] Level 5:colcon.colcon_core.verb:set package 'ros2_subscribe' build argument 'catkin_skip_building_tests' from command line to 'False'
[0.249s] DEBUG:colcon.colcon_core.verb:Building package 'ros2_subscribe' with the following arguments: {'ament_cmake_args': None, 'build_base': '/home/giovanna/ros1-ros2-comunication/colcon_ws/build/ros2_subscribe', 'catkin_cmake_args': None, 'catkin_skip_building_tests': False, 'cmake_args': None, 'cmake_clean_cache': False, 'cmake_clean_first': False, 'cmake_force_configure': False, 'cmake_target': None, 'cmake_target_skip_unavailable': False, 'install_base': '/home/giovanna/ros1-ros2-comunication/colcon_ws/install/ros2_subscribe', 'merge_install': False, 'path': '/home/giovanna/ros1-ros2-comunication/colcon_ws/src/ros2_subscribe', 'symlink_install': True, 'test_result_base': None}
[0.249s] INFO:colcon.colcon_core.executor:Executing jobs using 'parallel' executor
[0.252s] DEBUG:colcon.colcon_parallel_executor.executor.parallel:run_until_complete
[0.253s] INFO:colcon.colcon_ros.task.ament_python.build:Building ROS package in '/home/giovanna/ros1-ros2-comunication/colcon_ws/src/ros2_subscribe' with build type 'ament_python'
[0.253s] Level 1:colcon.colcon_core.shell:create_environment_hook('ros2_subscribe', 'ament_prefix_path')
[0.260s] INFO:colcon.colcon_core.plugin_system:Skipping extension 'colcon_core.shell.bat': Not used on non-Windows systems
[0.260s] INFO:colcon.colcon_core.shell:Creating environment hook '/home/giovanna/ros1-ros2-comunication/colcon_ws/install/ros2_subscribe/share/ros2_subscribe/hook/ament_prefix_path.ps1'
[0.261s] INFO:colcon.colcon_core.shell:Creating environment descriptor '/home/giovanna/ros1-ros2-comunication/colcon_ws/install/ros2_subscribe/share/ros2_subscribe/hook/ament_prefix_path.dsv'
[0.261s] INFO:colcon.colcon_core.shell:Creating environment hook '/home/giovanna/ros1-ros2-comunication/colcon_ws/install/ros2_subscribe/share/ros2_subscribe/hook/ament_prefix_path.sh'
[0.263s] INFO:colcon.colcon_core.shell:Skip shell extension 'powershell' for command environment: Not usable outside of PowerShell
[0.263s] DEBUG:colcon.colcon_core.shell:Skip shell extension 'dsv' for command environment
[0.267s] DEBUG:colcon.colcon_core.shell:Ignoring prefix path '/opt/ros/foxy'
[0.267s] DEBUG:colcon.colcon_core.shell:Ignoring prefix path '/opt/ros/noetic'
[0.584s] INFO:colcon.colcon_core.task.python.build:Building Python package in '/home/giovanna/ros1-ros2-comunication/colcon_ws/src/ros2_subscribe'
[0.586s] INFO:colcon.colcon_core.shell:Skip shell extension 'powershell' for command environment: Not usable outside of PowerShell
[0.586s] DEBUG:colcon.colcon_core.shell:Skip shell extension 'dsv' for command environment
[0.589s] DEBUG:colcon.colcon_core.shell:Ignoring prefix path '/opt/ros/foxy'
[0.589s] DEBUG:colcon.colcon_core.shell:Ignoring prefix path '/opt/ros/noetic'
[0.597s] DEBUG:colcon.colcon_core.event_handler.log_command:Invoking command in '/home/giovanna/ros1-ros2-comunication/colcon_ws/build/ros2_subscribe': PYTHONPATH=/home/giovanna/ros1-ros2-comunication/colcon_ws/install/ros2_subscribe/lib/python3.8/site-packages:${PYTHONPATH} /usr/bin/python3 setup.py develop --prefix /home/giovanna/ros1-ros2-comunication/colcon_ws/install/ros2_subscribe --editable --build-directory /home/giovanna/ros1-ros2-comunication/colcon_ws/build/ros2_subscribe/build --no-deps install_data --install-dir /home/giovanna/ros1-ros2-comunication/colcon_ws/install/ros2_subscribe
[1.252s] Level 1:colcon.colcon_core.shell:create_environment_hook('ros2_subscribe', 'pythonpath_develop')
[1.253s] INFO:colcon.colcon_core.shell:Creating environment hook '/home/giovanna/ros1-ros2-comunication/colcon_ws/build/ros2_subscribe/share/ros2_subscribe/hook/pythonpath_develop.ps1'
[1.254s] DEBUG:colcon.colcon_core.event_handler.log_command:Invoked command in '/home/giovanna/ros1-ros2-comunication/colcon_ws/build/ros2_subscribe' returned '0': PYTHONPATH=/home/giovanna/ros1-ros2-comunication/colcon_ws/install/ros2_subscribe/lib/python3.8/site-packages:${PYTHONPATH} /usr/bin/python3 setup.py develop --prefix /home/giovanna/ros1-ros2-comunication/colcon_ws/install/ros2_subscribe --editable --build-directory /home/giovanna/ros1-ros2-comunication/colcon_ws/build/ros2_subscribe/build --no-deps install_data --install-dir /home/giovanna/ros1-ros2-comunication/colcon_ws/install/ros2_subscribe
[1.254s] INFO:colcon.colcon_core.shell:Creating environment descriptor '/home/giovanna/ros1-ros2-comunication/colcon_ws/build/ros2_subscribe/share/ros2_subscribe/hook/pythonpath_develop.dsv'
[1.255s] INFO:colcon.colcon_core.shell:Creating environment hook '/home/giovanna/ros1-ros2-comunication/colcon_ws/build/ros2_subscribe/share/ros2_subscribe/hook/pythonpath_develop.sh'
[1.260s] Level 1:colcon.colcon_core.environment:checking '/home/giovanna/ros1-ros2-comunication/colcon_ws/install/ros2_subscribe' for CMake module files
[1.261s] Level 1:colcon.colcon_core.environment:checking '/home/giovanna/ros1-ros2-comunication/colcon_ws/install/ros2_subscribe' for CMake config files
[1.262s] Level 1:colcon.colcon_core.environment:checking '/home/giovanna/ros1-ros2-comunication/colcon_ws/install/ros2_subscribe/lib'
[1.262s] Level 1:colcon.colcon_core.environment:checking '/home/giovanna/ros1-ros2-comunication/colcon_ws/install/ros2_subscribe/bin'
[1.263s] Level 1:colcon.colcon_core.environment:checking '/home/giovanna/ros1-ros2-comunication/colcon_ws/install/ros2_subscribe/lib/pkgconfig/ros2_subscribe.pc'
[1.263s] Level 1:colcon.colcon_core.environment:checking '/home/giovanna/ros1-ros2-comunication/colcon_ws/install/ros2_subscribe/lib/python3.8/site-packages'
[1.263s] Level 1:colcon.colcon_core.shell:create_environment_hook('ros2_subscribe', 'pythonpath')
[1.264s] INFO:colcon.colcon_core.shell:Creating environment hook '/home/giovanna/ros1-ros2-comunication/colcon_ws/install/ros2_subscribe/share/ros2_subscribe/hook/pythonpath.ps1'
[1.264s] INFO:colcon.colcon_core.shell:Creating environment descriptor '/home/giovanna/ros1-ros2-comunication/colcon_ws/install/ros2_subscribe/share/ros2_subscribe/hook/pythonpath.dsv'
[1.264s] INFO:colcon.colcon_core.shell:Creating environment hook '/home/giovanna/ros1-ros2-comunication/colcon_ws/install/ros2_subscribe/share/ros2_subscribe/hook/pythonpath.sh'
[1.265s] Level 1:colcon.colcon_core.environment:create_environment_scripts_only(ros2_subscribe)
[1.266s] INFO:colcon.colcon_core.shell:Creating package script '/home/giovanna/ros1-ros2-comunication/colcon_ws/install/ros2_subscribe/share/ros2_subscribe/package.ps1'
[1.267s] INFO:colcon.colcon_core.shell:Creating package descriptor '/home/giovanna/ros1-ros2-comunication/colcon_ws/install/ros2_subscribe/share/ros2_subscribe/package.dsv'
[1.267s] INFO:colcon.colcon_core.shell:Creating package script '/home/giovanna/ros1-ros2-comunication/colcon_ws/install/ros2_subscribe/share/ros2_subscribe/package.sh'
[1.268s] INFO:colcon.colcon_core.shell:Creating package script '/home/giovanna/ros1-ros2-comunication/colcon_ws/install/ros2_subscribe/share/ros2_subscribe/package.bash'
[1.269s] INFO:colcon.colcon_core.shell:Creating package script '/home/giovanna/ros1-ros2-comunication/colcon_ws/install/ros2_subscribe/share/ros2_subscribe/package.zsh'
[1.270s] Level 1:colcon.colcon_core.environment:create_file_with_runtime_dependencies(/home/giovanna/ros1-ros2-comunication/colcon_ws/install/ros2_subscribe/share/colcon-core/packages/ros2_subscribe)
[1.270s] DEBUG:colcon.colcon_parallel_executor.executor.parallel:closing loop
[1.271s] DEBUG:colcon.colcon_parallel_executor.executor.parallel:loop closed
[1.271s] DEBUG:colcon.colcon_parallel_executor.executor.parallel:run_until_complete finished with '0'
[1.271s] DEBUG:colcon.colcon_core.event_reactor:joining thread
[1.277s] INFO:colcon.colcon_core.plugin_system:Skipping extension 'colcon_notification.desktop_notification.terminal_notifier': Not used on non-Darwin systems
[1.277s] INFO:colcon.colcon_core.plugin_system:Skipping extension 'colcon_notification.desktop_notification.win32': Not used on non-Windows systems
[1.277s] INFO:colcon.colcon_notification.desktop_notification:Sending desktop notification using 'notify2'
[1.295s] DEBUG:colcon.colcon_core.event_reactor:joined thread
[1.297s] INFO:colcon.colcon_core.shell:Creating prefix script '/home/giovanna/ros1-ros2-comunication/colcon_ws/install/local_setup.ps1'
[1.298s] INFO:colcon.colcon_core.shell:Creating prefix util module '/home/giovanna/ros1-ros2-comunication/colcon_ws/install/_local_setup_util_ps1.py'
[1.303s] INFO:colcon.colcon_core.shell:Creating prefix chain script '/home/giovanna/ros1-ros2-comunication/colcon_ws/install/setup.ps1'
[1.307s] INFO:colcon.colcon_core.shell:Creating prefix script '/home/giovanna/ros1-ros2-comunication/colcon_ws/install/local_setup.sh'
[1.308s] INFO:colcon.colcon_core.shell:Creating prefix util module '/home/giovanna/ros1-ros2-comunication/colcon_ws/install/_local_setup_util_sh.py'
[1.309s] INFO:colcon.colcon_core.shell:Creating prefix chain script '/home/giovanna/ros1-ros2-comunication/colcon_ws/install/setup.sh'
[1.311s] INFO:colcon.colcon_core.shell:Creating prefix script '/home/giovanna/ros1-ros2-comunication/colcon_ws/install/local_setup.bash'
[1.312s] INFO:colcon.colcon_core.shell:Creating prefix chain script '/home/giovanna/ros1-ros2-comunication/colcon_ws/install/setup.bash'
[1.315s] INFO:colcon.colcon_core.shell:Creating prefix script '/home/giovanna/ros1-ros2-comunication/colcon_ws/install/local_setup.zsh'
[1.315s] INFO:colcon.colcon_core.shell:Creating prefix chain script '/home/giovanna/ros1-ros2-comunication/colcon_ws/install/setup.zsh'
