[0.187s] DEBUG:colcon:Command line arguments: ['/usr/bin/colcon', 'build']
[0.187s] DEBUG:colcon:Parsed command line arguments: Namespace(ament_cmake_args=None, base_paths=['.'], build_base='build', catkin_cmake_args=None, catkin_skip_building_tests=False, cmake_args=None, cmake_clean_cache=False, cmake_clean_first=False, cmake_force_configure=False, cmake_target=None, cmake_target_skip_unavailable=False, continue_on_error=False, event_handlers=None, executor='parallel', ignore_user_meta=False, install_base='install', log_base=None, log_level=None, main=<bound method BuildVerb.main of <colcon_core.verb.build.BuildVerb object at 0x7fc2681cc3a0>>, merge_install=False, metas=['./colcon.meta'], packages_above=None, packages_above_and_dependencies=None, packages_above_depth=None, packages_end=None, packages_ignore=None, packages_ignore_regex=None, packages_select=None, packages_select_build_failed=False, packages_select_by_dep=None, packages_select_regex=None, packages_select_test_failures=False, packages_skip=None, packages_skip_build_finished=False, packages_skip_by_dep=None, packages_skip_regex=None, packages_skip_test_passed=False, packages_skip_up_to=None, packages_start=None, packages_up_to=None, packages_up_to_regex=None, parallel_workers=4, paths=None, symlink_install=False, test_result_base=None, verb_extension=<colcon_core.verb.build.BuildVerb object at 0x7fc2681cc3a0>, verb_name='build', verb_parser=<colcon_defaults.argument_parser.defaults.DefaultArgumentsDecorator object at 0x7fc2681cc8e0>)
[0.193s] Level 1:colcon.colcon_core.package_discovery:discover_packages(colcon_meta) check parameters
[0.193s] Level 1:colcon.colcon_core.package_discovery:discover_packages(recursive) check parameters
[0.193s] Level 1:colcon.colcon_core.package_discovery:discover_packages(ignore) check parameters
[0.193s] Level 1:colcon.colcon_core.package_discovery:discover_packages(path) check parameters
[0.193s] Level 1:colcon.colcon_core.package_discovery:discover_packages(colcon_meta) discover
[0.193s] Level 1:colcon.colcon_core.package_discovery:discover_packages(recursive) discover
[0.193s] INFO:colcon.colcon_core.package_discovery:Crawling recursively for packages in '/home/giovanna/ros1-ros2-comunication/colcon_ws'
[0.193s] Level 1:colcon.colcon_core.package_identification:_identify(.) by extensions ['ignore', 'ignore_ament_install']
[0.194s] Level 1:colcon.colcon_core.package_identification:_identify(.) by extension 'ignore'
[0.194s] Level 1:colcon.colcon_core.package_identification:_identify(.) by extension 'ignore_ament_install'
[0.194s] Level 1:colcon.colcon_core.package_identification:_identify(.) by extensions ['colcon_pkg']
[0.194s] Level 1:colcon.colcon_core.package_identification:_identify(.) by extension 'colcon_pkg'
[0.194s] Level 1:colcon.colcon_core.package_identification:_identify(.) by extensions ['colcon_meta']
[0.194s] Level 1:colcon.colcon_core.package_identification:_identify(.) by extension 'colcon_meta'
[0.194s] Level 1:colcon.colcon_core.package_identification:_identify(.) by extensions ['ros']
[0.194s] Level 1:colcon.colcon_core.package_identification:_identify(.) by extension 'ros'
[0.207s] Level 1:colcon.colcon_core.package_identification:_identify(.) by extensions ['cmake', 'python']
[0.207s] Level 1:colcon.colcon_core.package_identification:_identify(.) by extension 'cmake'
[0.207s] Level 1:colcon.colcon_core.package_identification:_identify(.) by extension 'python'
[0.207s] Level 1:colcon.colcon_core.package_identification:_identify(.) by extensions ['python_setup_py']
[0.207s] Level 1:colcon.colcon_core.package_identification:_identify(.) by extension 'python_setup_py'
[0.207s] Level 1:colcon.colcon_core.package_identification:_identify(build) by extensions ['ignore', 'ignore_ament_install']
[0.207s] Level 1:colcon.colcon_core.package_identification:_identify(build) by extension 'ignore'
[0.207s] Level 1:colcon.colcon_core.package_identification:_identify(build) ignored
[0.208s] Level 1:colcon.colcon_core.package_identification:_identify(install) by extensions ['ignore', 'ignore_ament_install']
[0.208s] Level 1:colcon.colcon_core.package_identification:_identify(install) by extension 'ignore'
[0.208s] Level 1:colcon.colcon_core.package_identification:_identify(install) ignored
[0.208s] Level 1:colcon.colcon_core.package_identification:_identify(log) by extensions ['ignore', 'ignore_ament_install']
[0.208s] Level 1:colcon.colcon_core.package_identification:_identify(log) by extension 'ignore'
[0.208s] Level 1:colcon.colcon_core.package_identification:_identify(log) ignored
[0.208s] Level 1:colcon.colcon_core.package_identification:_identify(src) by extensions ['ignore', 'ignore_ament_install']
[0.208s] Level 1:colcon.colcon_core.package_identification:_identify(src) by extension 'ignore'
[0.208s] Level 1:colcon.colcon_core.package_identification:_identify(src) by extension 'ignore_ament_install'
[0.208s] Level 1:colcon.colcon_core.package_identification:_identify(src) by extensions ['colcon_pkg']
[0.208s] Level 1:colcon.colcon_core.package_identification:_identify(src) by extension 'colcon_pkg'
[0.209s] Level 1:colcon.colcon_core.package_identification:_identify(src) by extensions ['colcon_meta']
[0.209s] Level 1:colcon.colcon_core.package_identification:_identify(src) by extension 'colcon_meta'
[0.209s] Level 1:colcon.colcon_core.package_identification:_identify(src) by extensions ['ros']
[0.209s] Level 1:colcon.colcon_core.package_identification:_identify(src) by extension 'ros'
[0.209s] Level 1:colcon.colcon_core.package_identification:_identify(src) by extensions ['cmake', 'python']
[0.209s] Level 1:colcon.colcon_core.package_identification:_identify(src) by extension 'cmake'
[0.209s] Level 1:colcon.colcon_core.package_identification:_identify(src) by extension 'python'
[0.209s] Level 1:colcon.colcon_core.package_identification:_identify(src) by extensions ['python_setup_py']
[0.209s] Level 1:colcon.colcon_core.package_identification:_identify(src) by extension 'python_setup_py'
[0.209s] Level 1:colcon.colcon_core.package_identification:_identify(src/ros2_subscribe) by extensions ['ignore', 'ignore_ament_install']
[0.209s] Level 1:colcon.colcon_core.package_identification:_identify(src/ros2_subscribe) by extension 'ignore'
[0.209s] Level 1:colcon.colcon_core.package_identification:_identify(src/ros2_subscribe) by extension 'ignore_ament_install'
[0.209s] Level 1:colcon.colcon_core.package_identification:_identify(src/ros2_subscribe) by extensions ['colcon_pkg']
[0.209s] Level 1:colcon.colcon_core.package_identification:_identify(src/ros2_subscribe) by extension 'colcon_pkg'
[0.209s] Level 1:colcon.colcon_core.package_identification:_identify(src/ros2_subscribe) by extensions ['colcon_meta']
[0.209s] Level 1:colcon.colcon_core.package_identification:_identify(src/ros2_subscribe) by extension 'colcon_meta'
[0.209s] Level 1:colcon.colcon_core.package_identification:_identify(src/ros2_subscribe) by extensions ['ros']
[0.210s] Level 1:colcon.colcon_core.package_identification:_identify(src/ros2_subscribe) by extension 'ros'
[0.213s] DEBUG:colcon.colcon_core.package_identification:Package 'src/ros2_subscribe' with type 'ros.ament_python' and name 'ros2_subscribe'
[0.213s] Level 1:colcon.colcon_core.package_discovery:discover_packages(recursive) using defaults
[0.214s] Level 1:colcon.colcon_core.package_discovery:discover_packages(ignore) discover
[0.214s] Level 1:colcon.colcon_core.package_discovery:discover_packages(ignore) using defaults
[0.214s] Level 1:colcon.colcon_core.package_discovery:discover_packages(path) discover
[0.214s] Level 1:colcon.colcon_core.package_discovery:discover_packages(path) using defaults
[0.237s] Level 5:colcon.colcon_core.verb:set package 'ros2_subscribe' build argument 'cmake_args' from command line to 'None'
[0.237s] Level 5:colcon.colcon_core.verb:set package 'ros2_subscribe' build argument 'cmake_target' from command line to 'None'
[0.237s] Level 5:colcon.colcon_core.verb:set package 'ros2_subscribe' build argument 'cmake_target_skip_unavailable' from command line to 'False'
[0.237s] Level 5:colcon.colcon_core.verb:set package 'ros2_subscribe' build argument 'cmake_clean_cache' from command line to 'False'
[0.237s] Level 5:colcon.colcon_core.verb:set package 'ros2_subscribe' build argument 'cmake_clean_first' from command line to 'False'
[0.237s] Level 5:colcon.colcon_core.verb:set package 'ros2_subscribe' build argument 'cmake_force_configure' from command line to 'False'
[0.237s] Level 5:colcon.colcon_core.verb:set package 'ros2_subscribe' build argument 'ament_cmake_args' from command line to 'None'
[0.237s] Level 5:colcon.colcon_core.verb:set package 'ros2_subscribe' build argument 'catkin_cmake_args' from command line to 'None'
[0.237s] Level 5:colcon.colcon_core.verb:set package 'ros2_subscribe' build argument 'catkin_skip_building_tests' from command line to 'False'
[0.237s] DEBUG:colcon.colcon_core.verb:Building package 'ros2_subscribe' with the following arguments: {'ament_cmake_args': None, 'build_base': '/home/giovanna/ros1-ros2-comunication/colcon_ws/build/ros2_subscribe', 'catkin_cmake_args': None, 'catkin_skip_building_tests': False, 'cmake_args': None, 'cmake_clean_cache': False, 'cmake_clean_first': False, 'cmake_force_configure': False, 'cmake_target': None, 'cmake_target_skip_unavailable': False, 'install_base': '/home/giovanna/ros1-ros2-comunication/colcon_ws/install/ros2_subscribe', 'merge_install': False, 'path': '/home/giovanna/ros1-ros2-comunication/colcon_ws/src/ros2_subscribe', 'symlink_install': False, 'test_result_base': None}
[0.237s] INFO:colcon.colcon_core.executor:Executing jobs using 'parallel' executor
[0.240s] DEBUG:colcon.colcon_parallel_executor.executor.parallel:run_until_complete
[0.240s] INFO:colcon.colcon_ros.task.ament_python.build:Building ROS package in '/home/giovanna/ros1-ros2-comunication/colcon_ws/src/ros2_subscribe' with build type 'ament_python'
[0.240s] Level 1:colcon.colcon_core.shell:create_environment_hook('ros2_subscribe', 'ament_prefix_path')
[0.244s] INFO:colcon.colcon_core.plugin_system:Skipping extension 'colcon_core.shell.bat': Not used on non-Windows systems
[0.245s] INFO:colcon.colcon_core.shell:Creating environment hook '/home/giovanna/ros1-ros2-comunication/colcon_ws/install/ros2_subscribe/share/ros2_subscribe/hook/ament_prefix_path.ps1'
[0.245s] INFO:colcon.colcon_core.shell:Creating environment descriptor '/home/giovanna/ros1-ros2-comunication/colcon_ws/install/ros2_subscribe/share/ros2_subscribe/hook/ament_prefix_path.dsv'
[0.246s] INFO:colcon.colcon_core.shell:Creating environment hook '/home/giovanna/ros1-ros2-comunication/colcon_ws/install/ros2_subscribe/share/ros2_subscribe/hook/ament_prefix_path.sh'
[0.247s] INFO:colcon.colcon_core.shell:Skip shell extension 'powershell' for command environment: Not usable outside of PowerShell
[0.247s] DEBUG:colcon.colcon_core.shell:Skip shell extension 'dsv' for command environment
[0.250s] DEBUG:colcon.colcon_core.shell:Ignoring prefix path '/opt/ros/foxy'
[0.533s] INFO:colcon.colcon_core.task.python.build:Building Python package in '/home/giovanna/ros1-ros2-comunication/colcon_ws/src/ros2_subscribe'
[0.534s] INFO:colcon.colcon_core.shell:Skip shell extension 'powershell' for command environment: Not usable outside of PowerShell
[0.534s] DEBUG:colcon.colcon_core.shell:Skip shell extension 'dsv' for command environment
[0.536s] DEBUG:colcon.colcon_core.shell:Ignoring prefix path '/opt/ros/foxy'
[0.543s] DEBUG:colcon.colcon_core.event_handler.log_command:Invoking command in '/home/giovanna/ros1-ros2-comunication/colcon_ws/build/ros2_subscribe': PYTHONPATH=/home/giovanna/ros1-ros2-comunication/colcon_ws/install/ros2_subscribe/lib/python3.8/site-packages:${PYTHONPATH} /usr/bin/python3 setup.py develop --prefix /home/giovanna/ros1-ros2-comunication/colcon_ws/install/ros2_subscribe --uninstall --editable --build-directory /home/giovanna/ros1-ros2-comunication/colcon_ws/build/ros2_subscribe/build
[1.003s] DEBUG:colcon.colcon_core.event_handler.log_command:Invoked command in '/home/giovanna/ros1-ros2-comunication/colcon_ws/build/ros2_subscribe' returned '0': PYTHONPATH=/home/giovanna/ros1-ros2-comunication/colcon_ws/install/ros2_subscribe/lib/python3.8/site-packages:${PYTHONPATH} /usr/bin/python3 setup.py develop --prefix /home/giovanna/ros1-ros2-comunication/colcon_ws/install/ros2_subscribe --uninstall --editable --build-directory /home/giovanna/ros1-ros2-comunication/colcon_ws/build/ros2_subscribe/build
[1.004s] DEBUG:colcon.colcon_core.event_handler.log_command:Invoking command in '/home/giovanna/ros1-ros2-comunication/colcon_ws/src/ros2_subscribe': PYTHONPATH=/home/giovanna/ros1-ros2-comunication/colcon_ws/install/ros2_subscribe/lib/python3.8/site-packages:${PYTHONPATH} /usr/bin/python3 setup.py egg_info --egg-base ../../build/ros2_subscribe build --build-base /home/giovanna/ros1-ros2-comunication/colcon_ws/build/ros2_subscribe/build install --prefix /home/giovanna/ros1-ros2-comunication/colcon_ws/install/ros2_subscribe --record /home/giovanna/ros1-ros2-comunication/colcon_ws/build/ros2_subscribe/install.log --single-version-externally-managed
[1.344s] DEBUG:colcon.colcon_core.event_handler.log_command:Invoked command in '/home/giovanna/ros1-ros2-comunication/colcon_ws/src/ros2_subscribe' returned '0': PYTHONPATH=/home/giovanna/ros1-ros2-comunication/colcon_ws/install/ros2_subscribe/lib/python3.8/site-packages:${PYTHONPATH} /usr/bin/python3 setup.py egg_info --egg-base ../../build/ros2_subscribe build --build-base /home/giovanna/ros1-ros2-comunication/colcon_ws/build/ros2_subscribe/build install --prefix /home/giovanna/ros1-ros2-comunication/colcon_ws/install/ros2_subscribe --record /home/giovanna/ros1-ros2-comunication/colcon_ws/build/ros2_subscribe/install.log --single-version-externally-managed
[1.348s] Level 1:colcon.colcon_core.environment:checking '/home/giovanna/ros1-ros2-comunication/colcon_ws/install/ros2_subscribe' for CMake module files
[1.348s] Level 1:colcon.colcon_core.environment:checking '/home/giovanna/ros1-ros2-comunication/colcon_ws/install/ros2_subscribe' for CMake config files
[1.349s] Level 1:colcon.colcon_core.environment:checking '/home/giovanna/ros1-ros2-comunication/colcon_ws/install/ros2_subscribe/lib'
[1.349s] Level 1:colcon.colcon_core.environment:checking '/home/giovanna/ros1-ros2-comunication/colcon_ws/install/ros2_subscribe/bin'
[1.350s] Level 1:colcon.colcon_core.environment:checking '/home/giovanna/ros1-ros2-comunication/colcon_ws/install/ros2_subscribe/lib/pkgconfig/ros2_subscribe.pc'
[1.350s] Level 1:colcon.colcon_core.environment:checking '/home/giovanna/ros1-ros2-comunication/colcon_ws/install/ros2_subscribe/lib/python3.8/site-packages'
[1.350s] Level 1:colcon.colcon_core.shell:create_environment_hook('ros2_subscribe', 'pythonpath')
[1.350s] INFO:colcon.colcon_core.shell:Creating environment hook '/home/giovanna/ros1-ros2-comunication/colcon_ws/install/ros2_subscribe/share/ros2_subscribe/hook/pythonpath.ps1'
[1.351s] INFO:colcon.colcon_core.shell:Creating environment descriptor '/home/giovanna/ros1-ros2-comunication/colcon_ws/install/ros2_subscribe/share/ros2_subscribe/hook/pythonpath.dsv'
[1.351s] INFO:colcon.colcon_core.shell:Creating environment hook '/home/giovanna/ros1-ros2-comunication/colcon_ws/install/ros2_subscribe/share/ros2_subscribe/hook/pythonpath.sh'
[1.352s] Level 1:colcon.colcon_core.environment:create_environment_scripts_only(ros2_subscribe)
[1.352s] INFO:colcon.colcon_core.shell:Creating package script '/home/giovanna/ros1-ros2-comunication/colcon_ws/install/ros2_subscribe/share/ros2_subscribe/package.ps1'
[1.353s] INFO:colcon.colcon_core.shell:Creating package descriptor '/home/giovanna/ros1-ros2-comunication/colcon_ws/install/ros2_subscribe/share/ros2_subscribe/package.dsv'
[1.354s] INFO:colcon.colcon_core.shell:Creating package script '/home/giovanna/ros1-ros2-comunication/colcon_ws/install/ros2_subscribe/share/ros2_subscribe/package.sh'
[1.355s] INFO:colcon.colcon_core.shell:Creating package script '/home/giovanna/ros1-ros2-comunication/colcon_ws/install/ros2_subscribe/share/ros2_subscribe/package.bash'
[1.356s] INFO:colcon.colcon_core.shell:Creating package script '/home/giovanna/ros1-ros2-comunication/colcon_ws/install/ros2_subscribe/share/ros2_subscribe/package.zsh'
[1.357s] Level 1:colcon.colcon_core.environment:create_file_with_runtime_dependencies(/home/giovanna/ros1-ros2-comunication/colcon_ws/install/ros2_subscribe/share/colcon-core/packages/ros2_subscribe)
[1.357s] DEBUG:colcon.colcon_parallel_executor.executor.parallel:closing loop
[1.358s] DEBUG:colcon.colcon_parallel_executor.executor.parallel:loop closed
[1.358s] DEBUG:colcon.colcon_parallel_executor.executor.parallel:run_until_complete finished with '0'
[1.358s] DEBUG:colcon.colcon_core.event_reactor:joining thread
[1.365s] INFO:colcon.colcon_core.plugin_system:Skipping extension 'colcon_notification.desktop_notification.terminal_notifier': Not used on non-Darwin systems
[1.365s] INFO:colcon.colcon_core.plugin_system:Skipping extension 'colcon_notification.desktop_notification.win32': Not used on non-Windows systems
[1.365s] INFO:colcon.colcon_notification.desktop_notification:Sending desktop notification using 'notify2'
[1.387s] DEBUG:colcon.colcon_core.event_reactor:joined thread
[1.388s] INFO:colcon.colcon_core.shell:Creating prefix script '/home/giovanna/ros1-ros2-comunication/colcon_ws/install/local_setup.ps1'
[1.389s] INFO:colcon.colcon_core.shell:Creating prefix util module '/home/giovanna/ros1-ros2-comunication/colcon_ws/install/_local_setup_util_ps1.py'
[1.391s] INFO:colcon.colcon_core.shell:Creating prefix chain script '/home/giovanna/ros1-ros2-comunication/colcon_ws/install/setup.ps1'
[1.398s] INFO:colcon.colcon_core.shell:Creating prefix script '/home/giovanna/ros1-ros2-comunication/colcon_ws/install/local_setup.sh'
[1.399s] INFO:colcon.colcon_core.shell:Creating prefix util module '/home/giovanna/ros1-ros2-comunication/colcon_ws/install/_local_setup_util_sh.py'
[1.399s] INFO:colcon.colcon_core.shell:Creating prefix chain script '/home/giovanna/ros1-ros2-comunication/colcon_ws/install/setup.sh'
[1.402s] INFO:colcon.colcon_core.shell:Creating prefix script '/home/giovanna/ros1-ros2-comunication/colcon_ws/install/local_setup.bash'
[1.402s] INFO:colcon.colcon_core.shell:Creating prefix chain script '/home/giovanna/ros1-ros2-comunication/colcon_ws/install/setup.bash'
[1.404s] INFO:colcon.colcon_core.shell:Creating prefix script '/home/giovanna/ros1-ros2-comunication/colcon_ws/install/local_setup.zsh'
[1.405s] INFO:colcon.colcon_core.shell:Creating prefix chain script '/home/giovanna/ros1-ros2-comunication/colcon_ws/install/setup.zsh'
